<?xml version="1.0" encoding="UTF-8"?>
<testsuite xmlns:xsi="http://www.w3.org/2001/XMLSchema-instance" xsi:noNamespaceSchemaLocation="https://maven.apache.org/surefire/maven-surefire-plugin/xsd/surefire-test-report.xsd" name="modulesTesting.service.TasksServiceTest" time="0.021" tests="2" errors="0" skipped="0" failures="0">
  <properties>
    <property name="java.specification.version" value="17"/>
    <property name="sun.cpu.isalist" value="amd64"/>
    <property name="sun.jnu.encoding" value="Cp1252"/>
    <property name="java.class.path" value="C:\Users\rebec\Desktop\materiale facultate\an3sem2\vvss\tasksKK\target\test-classes;C:\Users\rebec\Desktop\materiale facultate\an3sem2\vvss\tasksKK\target\classes;C:\Users\rebec\.m2\repository\org\junit\jupiter\junit-jupiter-engine\5.6.0\junit-jupiter-engine-5.6.0.jar;C:\Users\rebec\.m2\repository\org\apiguardian\apiguardian-api\1.1.0\apiguardian-api-1.1.0.jar;C:\Users\rebec\.m2\repository\org\junit\platform\junit-platform-engine\1.6.0\junit-platform-engine-1.6.0.jar;C:\Users\rebec\.m2\repository\org\junit\jupiter\junit-jupiter-api\5.6.0\junit-jupiter-api-5.6.0.jar;C:\Users\rebec\.m2\repository\org\opentest4j\opentest4j\1.2.0\opentest4j-1.2.0.jar;C:\Users\rebec\.m2\repository\org\junit\platform\junit-platform-commons\1.6.0\junit-platform-commons-1.6.0.jar;C:\Users\rebec\.m2\repository\org\junit\jupiter\junit-jupiter-params\5.6.0\junit-jupiter-params-5.6.0.jar;C:\Users\rebec\.m2\repository\org\openjfx\javafx-base\14-ea+4\javafx-base-14-ea+4.jar;C:\Users\rebec\.m2\repository\org\openjfx\javafx-base\14-ea+4\javafx-base-14-ea+4-win.jar;C:\Users\rebec\.m2\repository\org\openjfx\javafx-graphics\14-ea+4\javafx-graphics-14-ea+4.jar;C:\Users\rebec\.m2\repository\org\openjfx\javafx-graphics\14-ea+4\javafx-graphics-14-ea+4-win.jar;C:\Users\rebec\.m2\repository\org\openjfx\javafx-controls\14-ea+4\javafx-controls-14-ea+4.jar;C:\Users\rebec\.m2\repository\org\openjfx\javafx-controls\14-ea+4\javafx-controls-14-ea+4-win.jar;C:\Users\rebec\.m2\repository\org\openjfx\javafx-fxml\14-ea+4\javafx-fxml-14-ea+4.jar;C:\Users\rebec\.m2\repository\org\openjfx\javafx-fxml\14-ea+4\javafx-fxml-14-ea+4-win.jar;C:\Users\rebec\.m2\repository\org\openjfx\javafx-media\14-ea+4\javafx-media-14-ea+4.jar;C:\Users\rebec\.m2\repository\org\openjfx\javafx-media\14-ea+4\javafx-media-14-ea+4-win.jar;C:\Users\rebec\.m2\repository\org\openjfx\javafx-swing\14-ea+4\javafx-swing-14-ea+4.jar;C:\Users\rebec\.m2\repository\org\openjfx\javafx-swing\14-ea+4\javafx-swing-14-ea+4-win.jar;C:\Users\rebec\.m2\repository\org\openjfx\javafx-web\14-ea+4\javafx-web-14-ea+4.jar;C:\Users\rebec\.m2\repository\org\openjfx\javafx-web\14-ea+4\javafx-web-14-ea+4-win.jar;C:\Users\rebec\.m2\repository\log4j\log4j\1.2.17\log4j-1.2.17.jar;C:\Users\rebec\.m2\repository\org\controlsfx\controlsfx\11.0.1\controlsfx-11.0.1.jar;C:\Users\rebec\.m2\repository\org\mockito\mockito-core\2.19.0\mockito-core-2.19.0.jar;C:\Users\rebec\.m2\repository\net\bytebuddy\byte-buddy\1.8.10\byte-buddy-1.8.10.jar;C:\Users\rebec\.m2\repository\net\bytebuddy\byte-buddy-agent\1.8.10\byte-buddy-agent-1.8.10.jar;C:\Users\rebec\.m2\repository\org\objenesis\objenesis\2.6\objenesis-2.6.jar;C:\Users\rebec\.m2\repository\org\mockito\mockito-junit-jupiter\2.19.0\mockito-junit-jupiter-2.19.0.jar;C:\Users\rebec\.m2\repository\org\apache\maven\plugins\maven-clean-plugin\3.1.0\maven-clean-plugin-3.1.0.jar;C:\Users\rebec\.m2\repository\org\apache\maven\maven-plugin-api\3.0\maven-plugin-api-3.0.jar;C:\Users\rebec\.m2\repository\org\apache\maven\shared\maven-shared-utils\3.2.1\maven-shared-utils-3.2.1.jar;C:\Users\rebec\.m2\repository\org\apache\maven\plugins\maven-resources-plugin\3.0.2\maven-resources-plugin-3.0.2.jar;C:\Users\rebec\.m2\repository\org\apache\maven\maven-core\3.0\maven-core-3.0.jar;C:\Users\rebec\.m2\repository\org\apache\maven\maven-model-builder\3.0\maven-model-builder-3.0.jar;C:\Users\rebec\.m2\repository\org\apache\maven\maven-aether-provider\3.0\maven-aether-provider-3.0.jar;C:\Users\rebec\.m2\repository\org\sonatype\aether\aether-impl\1.7\aether-impl-1.7.jar;C:\Users\rebec\.m2\repository\org\sonatype\aether\aether-spi\1.7\aether-spi-1.7.jar;C:\Users\rebec\.m2\repository\org\sonatype\aether\aether-api\1.7\aether-api-1.7.jar;C:\Users\rebec\.m2\repository\org\sonatype\aether\aether-util\1.7\aether-util-1.7.jar;C:\Users\rebec\.m2\repository\org\codehaus\plexus\plexus-component-annotations\1.5.5\plexus-component-annotations-1.5.5.jar;C:\Users\rebec\.m2\repository\org\sonatype\plexus\plexus-sec-dispatcher\1.3\plexus-sec-dispatcher-1.3.jar;C:\Users\rebec\.m2\repository\org\sonatype\plexus\plexus-cipher\1.4\plexus-cipher-1.4.jar;C:\Users\rebec\.m2\repository\org\apache\maven\maven-model\3.0\maven-model-3.0.jar;C:\Users\rebec\.m2\repository\org\codehaus\plexus\plexus-utils\3.0.24\plexus-utils-3.0.24.jar;C:\Users\rebec\.m2\repository\org\apache\maven\shared\maven-filtering\3.1.1\maven-filtering-3.1.1.jar;C:\Users\rebec\.m2\repository\org\sonatype\plexus\plexus-build-api\0.0.7\plexus-build-api-0.0.7.jar;C:\Users\rebec\.m2\repository\commons-io\commons-io\2.5\commons-io-2.5.jar;C:\Users\rebec\.m2\repository\org\codehaus\plexus\plexus-interpolation\1.24\plexus-interpolation-1.24.jar;C:\Users\rebec\.m2\repository\org\apache\maven\plugins\maven-jar-plugin\3.0.2\maven-jar-plugin-3.0.2.jar;C:\Users\rebec\.m2\repository\org\apache\maven\maven-artifact\3.0\maven-artifact-3.0.jar;C:\Users\rebec\.m2\repository\org\apache\maven\maven-archiver\3.1.1\maven-archiver-3.1.1.jar;C:\Users\rebec\.m2\repository\org\codehaus\plexus\plexus-archiver\3.4\plexus-archiver-3.4.jar;C:\Users\rebec\.m2\repository\org\codehaus\plexus\plexus-io\2.7.1\plexus-io-2.7.1.jar;C:\Users\rebec\.m2\repository\org\apache\commons\commons-compress\1.11\commons-compress-1.11.jar;C:\Users\rebec\.m2\repository\org\iq80\snappy\snappy\0.4\snappy-0.4.jar;C:\Users\rebec\.m2\repository\org\tukaani\xz\1.5\xz-1.5.jar;C:\Users\rebec\.m2\repository\org\apache\maven\plugins\maven-install-plugin\2.5.2\maven-install-plugin-2.5.2.jar;C:\Users\rebec\.m2\repository\org\apache\maven\maven-project\2.2.1\maven-project-2.2.1.jar;C:\Users\rebec\.m2\repository\org\apache\maven\maven-profile\2.2.1\maven-profile-2.2.1.jar;C:\Users\rebec\.m2\repository\org\apache\maven\maven-plugin-registry\2.2.1\maven-plugin-registry-2.2.1.jar;C:\Users\rebec\.m2\repository\org\codehaus\plexus\plexus-container-default\1.0-alpha-9-stable-1\plexus-container-default-1.0-alpha-9-stable-1.jar;C:\Users\rebec\.m2\repository\junit\junit\3.8.1\junit-3.8.1.jar;C:\Users\rebec\.m2\repository\classworlds\classworlds\1.1-alpha-2\classworlds-1.1-alpha-2.jar;C:\Users\rebec\.m2\repository\org\apache\maven\maven-artifact-manager\2.2.1\maven-artifact-manager-2.2.1.jar;C:\Users\rebec\.m2\repository\backport-util-concurrent\backport-util-concurrent\3.1\backport-util-concurrent-3.1.jar;C:\Users\rebec\.m2\repository\commons-codec\commons-codec\1.6\commons-codec-1.6.jar;C:\Users\rebec\.m2\repository\org\apache\maven\plugins\maven-deploy-plugin\2.8.2\maven-deploy-plugin-2.8.2.jar;C:\Users\rebec\.m2\repository\org\apache\maven\plugins\maven-site-plugin\3.7.1\maven-site-plugin-3.7.1.jar;C:\Users\rebec\.m2\repository\org\apache\maven\reporting\maven-reporting-exec\1.4\maven-reporting-exec-1.4.jar;C:\Users\rebec\.m2\repository\org\eclipse\aether\aether-util\0.9.0.M2\aether-util-0.9.0.M2.jar;C:\Users\rebec\.m2\repository\org\apache\maven\maven-settings\3.0\maven-settings-3.0.jar;C:\Users\rebec\.m2\repository\org\apache\maven\maven-settings-builder\3.0\maven-settings-builder-3.0.jar;C:\Users\rebec\.m2\repository\org\sonatype\sisu\sisu-inject-plexus\1.4.2\sisu-inject-plexus-1.4.2.jar;C:\Users\rebec\.m2\repository\org\sonatype\sisu\sisu-inject-bean\1.4.2\sisu-inject-bean-1.4.2.jar;C:\Users\rebec\.m2\repository\org\sonatype\sisu\sisu-guice\2.1.7\sisu-guice-2.1.7-noaop.jar;C:\Users\rebec\.m2\repository\org\codehaus\plexus\plexus-i18n\1.0-beta-10\plexus-i18n-1.0-beta-10.jar;C:\Users\rebec\.m2\repository\org\codehaus\plexus\plexus-classworlds\2.5.2\plexus-classworlds-2.5.2.jar;C:\Users\rebec\.m2\repository\org\apache\maven\doxia\doxia-sink-api\1.8\doxia-sink-api-1.8.jar;C:\Users\rebec\.m2\repository\org\apache\maven\doxia\doxia-logging-api\1.8\doxia-logging-api-1.8.jar;C:\Users\rebec\.m2\repository\org\apache\maven\doxia\doxia-module-xhtml\1.8\doxia-module-xhtml-1.8.jar;C:\Users\rebec\.m2\repository\org\apache\maven\doxia\doxia-module-apt\1.8\doxia-module-apt-1.8.jar;C:\Users\rebec\.m2\repository\org\apache\maven\doxia\doxia-module-xdoc\1.8\doxia-module-xdoc-1.8.jar;C:\Users\rebec\.m2\repository\org\apache\maven\doxia\doxia-module-fml\1.8\doxia-module-fml-1.8.jar;C:\Users\rebec\.m2\repository\org\apache\maven\doxia\doxia-module-markdown\1.8\doxia-module-markdown-1.8.jar;C:\Users\rebec\.m2\repository\com\vladsch\flexmark\flexmark-all\0.18.4\flexmark-all-0.18.4.jar;C:\Users\rebec\.m2\repository\com\vladsch\flexmark\flexmark\0.18.4\flexmark-0.18.4.jar;C:\Users\rebec\.m2\repository\com\vladsch\flexmark\flexmark-ext-abbreviation\0.18.4\flexmark-ext-abbreviation-0.18.4.jar;C:\Users\rebec\.m2\repository\com\vladsch\flexmark\flexmark-ext-anchorlink\0.18.4\flexmark-ext-anchorlink-0.18.4.jar;C:\Users\rebec\.m2\repository\com\vladsch\flexmark\flexmark-ext-aside\0.18.4\flexmark-ext-aside-0.18.4.jar;C:\Users\rebec\.m2\repository\com\vladsch\flexmark\flexmark-ext-autolink\0.18.4\flexmark-ext-autolink-0.18.4.jar;C:\Users\rebec\.m2\repository\org\nibor\autolink\autolink\0.6.0\autolink-0.6.0.jar;C:\Users\rebec\.m2\repository\com\vladsch\flexmark\flexmark-ext-definition\0.18.4\flexmark-ext-definition-0.18.4.jar;C:\Users\rebec\.m2\repository\com\vladsch\flexmark\flexmark-ext-emoji\0.18.4\flexmark-ext-emoji-0.18.4.jar;C:\Users\rebec\.m2\repository\com\vladsch\flexmark\flexmark-ext-escaped-character\0.18.4\flexmark-ext-escaped-character-0.18.4.jar;C:\Users\rebec\.m2\repository\com\vladsch\flexmark\flexmark-ext-footnotes\0.18.4\flexmark-ext-footnotes-0.18.4.jar;C:\Users\rebec\.m2\repository\com\vladsch\flexmark\flexmark-ext-gfm-strikethrough\0.18.4\flexmark-ext-gfm-strikethrough-0.18.4.jar;C:\Users\rebec\.m2\repository\com\vladsch\flexmark\flexmark-ext-gfm-tables\0.18.4\flexmark-ext-gfm-tables-0.18.4.jar;C:\Users\rebec\.m2\repository\com\vladsch\flexmark\flexmark-ext-gfm-tasklist\0.18.4\flexmark-ext-gfm-tasklist-0.18.4.jar;C:\Users\rebec\.m2\repository\com\vladsch\flexmark\flexmark-ext-jekyll-front-matter\0.18.4\flexmark-ext-jekyll-front-matter-0.18.4.jar;C:\Users\rebec\.m2\repository\com\vladsch\flexmark\flexmark-ext-jekyll-tag\0.18.4\flexmark-ext-jekyll-tag-0.18.4.jar;C:\Users\rebec\.m2\repository\com\vladsch\flexmark\flexmark-ext-ins\0.18.4\flexmark-ext-ins-0.18.4.jar;C:\Users\rebec\.m2\repository\com\vladsch\flexmark\flexmark-ext-xwiki-macros\0.18.4\flexmark-ext-xwiki-macros-0.18.4.jar;C:\Users\rebec\.m2\repository\com\vladsch\flexmark\flexmark-ext-spec-example\0.18.4\flexmark-ext-spec-example-0.18.4.jar;C:\Users\rebec\.m2\repository\com\vladsch\flexmark\flexmark-test-util\0.18.4\flexmark-test-util-0.18.4.jar;C:\Users\rebec\.m2\repository\com\vladsch\flexmark\flexmark-ext-superscript\0.18.4\flexmark-ext-superscript-0.18.4.jar;C:\Users\rebec\.m2\repository\com\vladsch\flexmark\flexmark-ext-tables\0.18.4\flexmark-ext-tables-0.18.4.jar;C:\Users\rebec\.m2\repository\com\vladsch\flexmark\flexmark-ext-toc\0.18.4\flexmark-ext-toc-0.18.4.jar;C:\Users\rebec\.m2\repository\com\vladsch\flexmark\flexmark-ext-typographic\0.18.4\flexmark-ext-typographic-0.18.4.jar;C:\Users\rebec\.m2\repository\com\vladsch\flexmark\flexmark-ext-wikilink\0.18.4\flexmark-ext-wikilink-0.18.4.jar;C:\Users\rebec\.m2\repository\com\vladsch\flexmark\flexmark-ext-yaml-front-matter\0.18.4\flexmark-ext-yaml-front-matter-0.18.4.jar;C:\Users\rebec\.m2\repository\com\vladsch\flexmark\flexmark-formatter\0.18.4\flexmark-formatter-0.18.4.jar;C:\Users\rebec\.m2\repository\com\vladsch\flexmark\flexmark-html-parser\0.18.4\flexmark-html-parser-0.18.4.jar;C:\Users\rebec\.m2\repository\com\vladsch\flexmark\flexmark-jira-converter\0.18.4\flexmark-jira-converter-0.18.4.jar;C:\Users\rebec\.m2\repository\com\vladsch\flexmark\flexmark-pdf-converter\0.18.4\flexmark-pdf-converter-0.18.4.jar;C:\Users\rebec\.m2\repository\com\openhtmltopdf\openhtmltopdf-core\0.0.1-RC9\openhtmltopdf-core-0.0.1-RC9.jar;C:\Users\rebec\.m2\repository\com\openhtmltopdf\openhtmltopdf-pdfbox\0.0.1-RC9\openhtmltopdf-pdfbox-0.0.1-RC9.jar;C:\Users\rebec\.m2\repository\org\apache\pdfbox\pdfbox\2.0.4\pdfbox-2.0.4.jar;C:\Users\rebec\.m2\repository\org\apache\pdfbox\fontbox\2.0.4\fontbox-2.0.4.jar;C:\Users\rebec\.m2\repository\com\openhtmltopdf\openhtmltopdf-rtl-support\0.0.1-RC9\openhtmltopdf-rtl-support-0.0.1-RC9.jar;C:\Users\rebec\.m2\repository\com\ibm\icu\icu4j\58.1\icu4j-58.1.jar;C:\Users\rebec\.m2\repository\com\openhtmltopdf\openhtmltopdf-jsoup-dom-converter\0.0.1-RC9\openhtmltopdf-jsoup-dom-converter-0.0.1-RC9.jar;C:\Users\rebec\.m2\repository\com\vladsch\flexmark\flexmark-profile-pegdown\0.18.4\flexmark-profile-pegdown-0.18.4.jar;C:\Users\rebec\.m2\repository\com\vladsch\flexmark\flexmark-util\0.18.4\flexmark-util-0.18.4.jar;C:\Users\rebec\.m2\repository\com\vladsch\flexmark\flexmark-youtrack-converter\0.18.4\flexmark-youtrack-converter-0.18.4.jar;C:\Users\rebec\.m2\repository\javax\servlet\servlet-api\2.5\servlet-api-2.5.jar;C:\Users\rebec\.m2\repository\org\apache\maven\doxia\doxia-decoration-model\1.8.1\doxia-decoration-model-1.8.1.jar;C:\Users\rebec\.m2\repository\org\apache\maven\doxia\doxia-site-renderer\1.8.1\doxia-site-renderer-1.8.1.jar;C:\Users\rebec\.m2\repository\org\apache\maven\doxia\doxia-skin-model\1.8.1\doxia-skin-model-1.8.1.jar;C:\Users\rebec\.m2\repository\org\codehaus\plexus\plexus-velocity\1.2\plexus-velocity-1.2.jar;C:\Users\rebec\.m2\repository\org\apache\velocity\velocity\1.7\velocity-1.7.jar;C:\Users\rebec\.m2\repository\org\apache\velocity\velocity-tools\2.0\velocity-tools-2.0.jar;C:\Users\rebec\.m2\repository\commons-chain\commons-chain\1.1\commons-chain-1.1.jar;C:\Users\rebec\.m2\repository\dom4j\dom4j\1.1\dom4j-1.1.jar;C:\Users\rebec\.m2\repository\oro\oro\2.0.8\oro-2.0.8.jar;C:\Users\rebec\.m2\repository\sslext\sslext\1.2-0\sslext-1.2-0.jar;C:\Users\rebec\.m2\repository\org\apache\struts\struts-core\1.3.8\struts-core-1.3.8.jar;C:\Users\rebec\.m2\repository\antlr\antlr\2.7.2\antlr-2.7.2.jar;C:\Users\rebec\.m2\repository\org\apache\struts\struts-taglib\1.3.8\struts-taglib-1.3.8.jar;C:\Users\rebec\.m2\repository\org\apache\struts\struts-tiles\1.3.8\struts-tiles-1.3.8.jar;C:\Users\rebec\.m2\repository\commons-collections\commons-collections\3.2.1\commons-collections-3.2.1.jar;C:\Users\rebec\.m2\repository\org\apache\maven\doxia\doxia-integration-tools\1.8.1\doxia-integration-tools-1.8.1.jar;C:\Users\rebec\.m2\repository\org\apache\maven\wagon\wagon-provider-api\1.0\wagon-provider-api-1.0.jar;C:\Users\rebec\.m2\repository\org\mortbay\jetty\jetty\6.1.25\jetty-6.1.25.jar;C:\Users\rebec\.m2\repository\org\mortbay\jetty\servlet-api\2.5-20081211\servlet-api-2.5-20081211.jar;C:\Users\rebec\.m2\repository\org\mortbay\jetty\jetty-util\6.1.25\jetty-util-6.1.25.jar;C:\Users\rebec\.m2\repository\org\apache\commons\commons-lang3\3.4\commons-lang3-3.4.jar;C:\Users\rebec\.m2\repository\org\apache\maven\plugins\maven-project-info-reports-plugin\3.0.0\maven-project-info-reports-plugin-3.0.0.jar;C:\Users\rebec\.m2\repository\org\apache\maven\reporting\maven-reporting-api\3.0\maven-reporting-api-3.0.jar;C:\Users\rebec\.m2\repository\org\apache\maven\reporting\maven-reporting-impl\3.0.0\maven-reporting-impl-3.0.0.jar;C:\Users\rebec\.m2\repository\org\apache\maven\maven-repository-metadata\3.0\maven-repository-metadata-3.0.jar;C:\Users\rebec\.m2\repository\org\apache\maven\shared\maven-dependency-tree\2.2\maven-dependency-tree-2.2.jar;C:\Users\rebec\.m2\repository\org\apache\maven\shared\maven-shared-jar\1.2\maven-shared-jar-1.2.jar;C:\Users\rebec\.m2\repository\org\codehaus\plexus\plexus-digest\1.0\plexus-digest-1.0.jar;C:\Users\rebec\.m2\repository\org\apache\bcel\bcel\6.2\bcel-6.2.jar;C:\Users\rebec\.m2\repository\org\apache\maven\shared\maven-common-artifact-filters\3.0.1\maven-common-artifact-filters-3.0.1.jar;C:\Users\rebec\.m2\repository\org\apache\maven\shared\maven-artifact-transfer\0.9.1\maven-artifact-transfer-0.9.1.jar;C:\Users\rebec\.m2\repository\org\slf4j\slf4j-api\1.7.5\slf4j-api-1.7.5.jar;C:\Users\rebec\.m2\repository\org\apache\maven\scm\maven-scm-api\1.10.0\maven-scm-api-1.10.0.jar;C:\Users\rebec\.m2\repository\org\apache\maven\scm\maven-scm-manager-plexus\1.10.0\maven-scm-manager-plexus-1.10.0.jar;C:\Users\rebec\.m2\repository\org\apache\maven\scm\maven-scm-provider-hg\1.10.0\maven-scm-provider-hg-1.10.0.jar;C:\Users\rebec\.m2\repository\org\apache\maven\scm\maven-scm-provider-perforce\1.10.0\maven-scm-provider-perforce-1.10.0.jar;C:\Users\rebec\.m2\repository\org\apache\maven\scm\maven-scm-provider-starteam\1.10.0\maven-scm-provider-starteam-1.10.0.jar;C:\Users\rebec\.m2\repository\org\apache\maven\scm\maven-scm-provider-svn-commons\1.10.0\maven-scm-provider-svn-commons-1.10.0.jar;C:\Users\rebec\.m2\repository\org\apache\maven\scm\maven-scm-provider-svnexe\1.10.0\maven-scm-provider-svnexe-1.10.0.jar;C:\Users\rebec\.m2\repository\commons-lang\commons-lang\2.6\commons-lang-2.6.jar;C:\Users\rebec\.m2\repository\org\apache\maven\scm\maven-scm-provider-cvs-commons\1.10.0\maven-scm-provider-cvs-commons-1.10.0.jar;C:\Users\rebec\.m2\repository\org\apache\maven\scm\maven-scm-provider-cvsexe\1.10.0\maven-scm-provider-cvsexe-1.10.0.jar;C:\Users\rebec\.m2\repository\org\apache\maven\scm\maven-scm-provider-cvsjava\1.10.0\maven-scm-provider-cvsjava-1.10.0.jar;C:\Users\rebec\.m2\repository\org\netbeans\lib\cvsclient\20060125\cvsclient-20060125.jar;C:\Users\rebec\.m2\repository\ch\ethz\ganymed\ganymed-ssh2\build210\ganymed-ssh2-build210.jar;C:\Users\rebec\.m2\repository\org\apache\maven\scm\maven-scm-provider-git-commons\1.10.0\maven-scm-provider-git-commons-1.10.0.jar;C:\Users\rebec\.m2\repository\org\apache\maven\scm\maven-scm-provider-gitexe\1.10.0\maven-scm-provider-gitexe-1.10.0.jar;C:\Users\rebec\.m2\repository\org\apache\maven\doxia\doxia-core\1.8\doxia-core-1.8.jar;C:\Users\rebec\.m2\repository\org\apache\httpcomponents\httpclient\4.0.2\httpclient-4.0.2.jar;C:\Users\rebec\.m2\repository\org\apache\httpcomponents\httpcore\4.0.1\httpcore-4.0.1.jar;C:\Users\rebec\.m2\repository\org\apache\maven\wagon\wagon-http-lightweight\3.1.0\wagon-http-lightweight-3.1.0.jar;C:\Users\rebec\.m2\repository\org\apache\maven\wagon\wagon-http-shared\3.1.0\wagon-http-shared-3.1.0.jar;C:\Users\rebec\.m2\repository\org\jsoup\jsoup\1.11.2\jsoup-1.11.2.jar;C:\Users\rebec\.m2\repository\commons-validator\commons-validator\1.6\commons-validator-1.6.jar;C:\Users\rebec\.m2\repository\commons-beanutils\commons-beanutils\1.9.2\commons-beanutils-1.9.2.jar;C:\Users\rebec\.m2\repository\commons-digester\commons-digester\1.8.1\commons-digester-1.8.1.jar;C:\Users\rebec\.m2\repository\commons-logging\commons-logging\1.2\commons-logging-1.2.jar;C:\Users\rebec\.m2\repository\org\apache\maven\plugins\maven-surefire-plugin\2.22.1\maven-surefire-plugin-2.22.1.jar;C:\Users\rebec\.m2\repository\org\apache\maven\surefire\maven-surefire-common\2.22.1\maven-surefire-common-2.22.1.jar;C:\Users\rebec\.m2\repository\org\apache\maven\plugin-tools\maven-plugin-annotations\3.5.2\maven-plugin-annotations-3.5.2.jar;C:\Users\rebec\.m2\repository\org\apache\maven\surefire\surefire-api\2.22.1\surefire-api-2.22.1.jar;C:\Users\rebec\.m2\repository\org\apache\maven\surefire\surefire-logger-api\2.22.1\surefire-logger-api-2.22.1.jar;C:\Users\rebec\.m2\repository\org\apache\maven\surefire\surefire-booter\2.22.1\surefire-booter-2.22.1.jar;C:\Users\rebec\.m2\repository\org\apache\maven\maven-plugin-descriptor\2.2.1\maven-plugin-descriptor-2.2.1.jar;C:\Users\rebec\.m2\repository\org\apache\maven\maven-toolchain\2.2.1\maven-toolchain-2.2.1.jar;C:\Users\rebec\.m2\repository\org\codehaus\plexus\plexus-java\0.9.10\plexus-java-0.9.10.jar;C:\Users\rebec\.m2\repository\org\ow2\asm\asm\6.2\asm-6.2.jar;C:\Users\rebec\.m2\repository\com\thoughtworks\qdox\qdox\2.0-M8\qdox-2.0-M8.jar;"/>
    <property name="java.vm.vendor" value="Oracle Corporation"/>
    <property name="sun.arch.data.model" value="64"/>
    <property name="user.variant" value=""/>
    <property name="java.vendor.url" value="https://java.oracle.com/"/>
    <property name="user.timezone" value="Europe/Bucharest"/>
    <property name="os.name" value="Windows 10"/>
    <property name="java.vm.specification.version" value="17"/>
    <property name="sun.java.launcher" value="SUN_STANDARD"/>
    <property name="user.country" value="US"/>
    <property name="sun.boot.library.path" value="C:\Users\rebec\.jdks\openjdk-17\bin"/>
    <property name="sun.java.command" value="C:\Users\rebec\AppData\Local\Temp\surefire15342245685763806463\surefirebooter547793597113523621.jar C:\Users\rebec\AppData\Local\Temp\surefire15342245685763806463 2023-05-02T18-18-46_872-jvmRun1 surefire11184782139410013681tmp surefire_02215644170671938825tmp"/>
    <property name="jdk.debug" value="release"/>
    <property name="surefire.test.class.path" value="C:\Users\rebec\Desktop\materiale facultate\an3sem2\vvss\tasksKK\target\test-classes;C:\Users\rebec\Desktop\materiale facultate\an3sem2\vvss\tasksKK\target\classes;C:\Users\rebec\.m2\repository\org\junit\jupiter\junit-jupiter-engine\5.6.0\junit-jupiter-engine-5.6.0.jar;C:\Users\rebec\.m2\repository\org\apiguardian\apiguardian-api\1.1.0\apiguardian-api-1.1.0.jar;C:\Users\rebec\.m2\repository\org\junit\platform\junit-platform-engine\1.6.0\junit-platform-engine-1.6.0.jar;C:\Users\rebec\.m2\repository\org\junit\jupiter\junit-jupiter-api\5.6.0\junit-jupiter-api-5.6.0.jar;C:\Users\rebec\.m2\repository\org\opentest4j\opentest4j\1.2.0\opentest4j-1.2.0.jar;C:\Users\rebec\.m2\repository\org\junit\platform\junit-platform-commons\1.6.0\junit-platform-commons-1.6.0.jar;C:\Users\rebec\.m2\repository\org\junit\jupiter\junit-jupiter-params\5.6.0\junit-jupiter-params-5.6.0.jar;C:\Users\rebec\.m2\repository\org\openjfx\javafx-base\14-ea+4\javafx-base-14-ea+4.jar;C:\Users\rebec\.m2\repository\org\openjfx\javafx-base\14-ea+4\javafx-base-14-ea+4-win.jar;C:\Users\rebec\.m2\repository\org\openjfx\javafx-graphics\14-ea+4\javafx-graphics-14-ea+4.jar;C:\Users\rebec\.m2\repository\org\openjfx\javafx-graphics\14-ea+4\javafx-graphics-14-ea+4-win.jar;C:\Users\rebec\.m2\repository\org\openjfx\javafx-controls\14-ea+4\javafx-controls-14-ea+4.jar;C:\Users\rebec\.m2\repository\org\openjfx\javafx-controls\14-ea+4\javafx-controls-14-ea+4-win.jar;C:\Users\rebec\.m2\repository\org\openjfx\javafx-fxml\14-ea+4\javafx-fxml-14-ea+4.jar;C:\Users\rebec\.m2\repository\org\openjfx\javafx-fxml\14-ea+4\javafx-fxml-14-ea+4-win.jar;C:\Users\rebec\.m2\repository\org\openjfx\javafx-media\14-ea+4\javafx-media-14-ea+4.jar;C:\Users\rebec\.m2\repository\org\openjfx\javafx-media\14-ea+4\javafx-media-14-ea+4-win.jar;C:\Users\rebec\.m2\repository\org\openjfx\javafx-swing\14-ea+4\javafx-swing-14-ea+4.jar;C:\Users\rebec\.m2\repository\org\openjfx\javafx-swing\14-ea+4\javafx-swing-14-ea+4-win.jar;C:\Users\rebec\.m2\repository\org\openjfx\javafx-web\14-ea+4\javafx-web-14-ea+4.jar;C:\Users\rebec\.m2\repository\org\openjfx\javafx-web\14-ea+4\javafx-web-14-ea+4-win.jar;C:\Users\rebec\.m2\repository\log4j\log4j\1.2.17\log4j-1.2.17.jar;C:\Users\rebec\.m2\repository\org\controlsfx\controlsfx\11.0.1\controlsfx-11.0.1.jar;C:\Users\rebec\.m2\repository\org\mockito\mockito-core\2.19.0\mockito-core-2.19.0.jar;C:\Users\rebec\.m2\repository\net\bytebuddy\byte-buddy\1.8.10\byte-buddy-1.8.10.jar;C:\Users\rebec\.m2\repository\net\bytebuddy\byte-buddy-agent\1.8.10\byte-buddy-agent-1.8.10.jar;C:\Users\rebec\.m2\repository\org\objenesis\objenesis\2.6\objenesis-2.6.jar;C:\Users\rebec\.m2\repository\org\mockito\mockito-junit-jupiter\2.19.0\mockito-junit-jupiter-2.19.0.jar;C:\Users\rebec\.m2\repository\org\apache\maven\plugins\maven-clean-plugin\3.1.0\maven-clean-plugin-3.1.0.jar;C:\Users\rebec\.m2\repository\org\apache\maven\maven-plugin-api\3.0\maven-plugin-api-3.0.jar;C:\Users\rebec\.m2\repository\org\apache\maven\shared\maven-shared-utils\3.2.1\maven-shared-utils-3.2.1.jar;C:\Users\rebec\.m2\repository\org\apache\maven\plugins\maven-resources-plugin\3.0.2\maven-resources-plugin-3.0.2.jar;C:\Users\rebec\.m2\repository\org\apache\maven\maven-core\3.0\maven-core-3.0.jar;C:\Users\rebec\.m2\repository\org\apache\maven\maven-model-builder\3.0\maven-model-builder-3.0.jar;C:\Users\rebec\.m2\repository\org\apache\maven\maven-aether-provider\3.0\maven-aether-provider-3.0.jar;C:\Users\rebec\.m2\repository\org\sonatype\aether\aether-impl\1.7\aether-impl-1.7.jar;C:\Users\rebec\.m2\repository\org\sonatype\aether\aether-spi\1.7\aether-spi-1.7.jar;C:\Users\rebec\.m2\repository\org\sonatype\aether\aether-api\1.7\aether-api-1.7.jar;C:\Users\rebec\.m2\repository\org\sonatype\aether\aether-util\1.7\aether-util-1.7.jar;C:\Users\rebec\.m2\repository\org\codehaus\plexus\plexus-component-annotations\1.5.5\plexus-component-annotations-1.5.5.jar;C:\Users\rebec\.m2\repository\org\sonatype\plexus\plexus-sec-dispatcher\1.3\plexus-sec-dispatcher-1.3.jar;C:\Users\rebec\.m2\repository\org\sonatype\plexus\plexus-cipher\1.4\plexus-cipher-1.4.jar;C:\Users\rebec\.m2\repository\org\apache\maven\maven-model\3.0\maven-model-3.0.jar;C:\Users\rebec\.m2\repository\org\codehaus\plexus\plexus-utils\3.0.24\plexus-utils-3.0.24.jar;C:\Users\rebec\.m2\repository\org\apache\maven\shared\maven-filtering\3.1.1\maven-filtering-3.1.1.jar;C:\Users\rebec\.m2\repository\org\sonatype\plexus\plexus-build-api\0.0.7\plexus-build-api-0.0.7.jar;C:\Users\rebec\.m2\repository\commons-io\commons-io\2.5\commons-io-2.5.jar;C:\Users\rebec\.m2\repository\org\codehaus\plexus\plexus-interpolation\1.24\plexus-interpolation-1.24.jar;C:\Users\rebec\.m2\repository\org\apache\maven\plugins\maven-jar-plugin\3.0.2\maven-jar-plugin-3.0.2.jar;C:\Users\rebec\.m2\repository\org\apache\maven\maven-artifact\3.0\maven-artifact-3.0.jar;C:\Users\rebec\.m2\repository\org\apache\maven\maven-archiver\3.1.1\maven-archiver-3.1.1.jar;C:\Users\rebec\.m2\repository\org\codehaus\plexus\plexus-archiver\3.4\plexus-archiver-3.4.jar;C:\Users\rebec\.m2\repository\org\codehaus\plexus\plexus-io\2.7.1\plexus-io-2.7.1.jar;C:\Users\rebec\.m2\repository\org\apache\commons\commons-compress\1.11\commons-compress-1.11.jar;C:\Users\rebec\.m2\repository\org\iq80\snappy\snappy\0.4\snappy-0.4.jar;C:\Users\rebec\.m2\repository\org\tukaani\xz\1.5\xz-1.5.jar;C:\Users\rebec\.m2\repository\org\apache\maven\plugins\maven-install-plugin\2.5.2\maven-install-plugin-2.5.2.jar;C:\Users\rebec\.m2\repository\org\apache\maven\maven-project\2.2.1\maven-project-2.2.1.jar;C:\Users\rebec\.m2\repository\org\apache\maven\maven-profile\2.2.1\maven-profile-2.2.1.jar;C:\Users\rebec\.m2\repository\org\apache\maven\maven-plugin-registry\2.2.1\maven-plugin-registry-2.2.1.jar;C:\Users\rebec\.m2\repository\org\codehaus\plexus\plexus-container-default\1.0-alpha-9-stable-1\plexus-container-default-1.0-alpha-9-stable-1.jar;C:\Users\rebec\.m2\repository\junit\junit\3.8.1\junit-3.8.1.jar;C:\Users\rebec\.m2\repository\classworlds\classworlds\1.1-alpha-2\classworlds-1.1-alpha-2.jar;C:\Users\rebec\.m2\repository\org\apache\maven\maven-artifact-manager\2.2.1\maven-artifact-manager-2.2.1.jar;C:\Users\rebec\.m2\repository\backport-util-concurrent\backport-util-concurrent\3.1\backport-util-concurrent-3.1.jar;C:\Users\rebec\.m2\repository\commons-codec\commons-codec\1.6\commons-codec-1.6.jar;C:\Users\rebec\.m2\repository\org\apache\maven\plugins\maven-deploy-plugin\2.8.2\maven-deploy-plugin-2.8.2.jar;C:\Users\rebec\.m2\repository\org\apache\maven\plugins\maven-site-plugin\3.7.1\maven-site-plugin-3.7.1.jar;C:\Users\rebec\.m2\repository\org\apache\maven\reporting\maven-reporting-exec\1.4\maven-reporting-exec-1.4.jar;C:\Users\rebec\.m2\repository\org\eclipse\aether\aether-util\0.9.0.M2\aether-util-0.9.0.M2.jar;C:\Users\rebec\.m2\repository\org\apache\maven\maven-settings\3.0\maven-settings-3.0.jar;C:\Users\rebec\.m2\repository\org\apache\maven\maven-settings-builder\3.0\maven-settings-builder-3.0.jar;C:\Users\rebec\.m2\repository\org\sonatype\sisu\sisu-inject-plexus\1.4.2\sisu-inject-plexus-1.4.2.jar;C:\Users\rebec\.m2\repository\org\sonatype\sisu\sisu-inject-bean\1.4.2\sisu-inject-bean-1.4.2.jar;C:\Users\rebec\.m2\repository\org\sonatype\sisu\sisu-guice\2.1.7\sisu-guice-2.1.7-noaop.jar;C:\Users\rebec\.m2\repository\org\codehaus\plexus\plexus-i18n\1.0-beta-10\plexus-i18n-1.0-beta-10.jar;C:\Users\rebec\.m2\repository\org\codehaus\plexus\plexus-classworlds\2.5.2\plexus-classworlds-2.5.2.jar;C:\Users\rebec\.m2\repository\org\apache\maven\doxia\doxia-sink-api\1.8\doxia-sink-api-1.8.jar;C:\Users\rebec\.m2\repository\org\apache\maven\doxia\doxia-logging-api\1.8\doxia-logging-api-1.8.jar;C:\Users\rebec\.m2\repository\org\apache\maven\doxia\doxia-module-xhtml\1.8\doxia-module-xhtml-1.8.jar;C:\Users\rebec\.m2\repository\org\apache\maven\doxia\doxia-module-apt\1.8\doxia-module-apt-1.8.jar;C:\Users\rebec\.m2\repository\org\apache\maven\doxia\doxia-module-xdoc\1.8\doxia-module-xdoc-1.8.jar;C:\Users\rebec\.m2\repository\org\apache\maven\doxia\doxia-module-fml\1.8\doxia-module-fml-1.8.jar;C:\Users\rebec\.m2\repository\org\apache\maven\doxia\doxia-module-markdown\1.8\doxia-module-markdown-1.8.jar;C:\Users\rebec\.m2\repository\com\vladsch\flexmark\flexmark-all\0.18.4\flexmark-all-0.18.4.jar;C:\Users\rebec\.m2\repository\com\vladsch\flexmark\flexmark\0.18.4\flexmark-0.18.4.jar;C:\Users\rebec\.m2\repository\com\vladsch\flexmark\flexmark-ext-abbreviation\0.18.4\flexmark-ext-abbreviation-0.18.4.jar;C:\Users\rebec\.m2\repository\com\vladsch\flexmark\flexmark-ext-anchorlink\0.18.4\flexmark-ext-anchorlink-0.18.4.jar;C:\Users\rebec\.m2\repository\com\vladsch\flexmark\flexmark-ext-aside\0.18.4\flexmark-ext-aside-0.18.4.jar;C:\Users\rebec\.m2\repository\com\vladsch\flexmark\flexmark-ext-autolink\0.18.4\flexmark-ext-autolink-0.18.4.jar;C:\Users\rebec\.m2\repository\org\nibor\autolink\autolink\0.6.0\autolink-0.6.0.jar;C:\Users\rebec\.m2\repository\com\vladsch\flexmark\flexmark-ext-definition\0.18.4\flexmark-ext-definition-0.18.4.jar;C:\Users\rebec\.m2\repository\com\vladsch\flexmark\flexmark-ext-emoji\0.18.4\flexmark-ext-emoji-0.18.4.jar;C:\Users\rebec\.m2\repository\com\vladsch\flexmark\flexmark-ext-escaped-character\0.18.4\flexmark-ext-escaped-character-0.18.4.jar;C:\Users\rebec\.m2\repository\com\vladsch\flexmark\flexmark-ext-footnotes\0.18.4\flexmark-ext-footnotes-0.18.4.jar;C:\Users\rebec\.m2\repository\com\vladsch\flexmark\flexmark-ext-gfm-strikethrough\0.18.4\flexmark-ext-gfm-strikethrough-0.18.4.jar;C:\Users\rebec\.m2\repository\com\vladsch\flexmark\flexmark-ext-gfm-tables\0.18.4\flexmark-ext-gfm-tables-0.18.4.jar;C:\Users\rebec\.m2\repository\com\vladsch\flexmark\flexmark-ext-gfm-tasklist\0.18.4\flexmark-ext-gfm-tasklist-0.18.4.jar;C:\Users\rebec\.m2\repository\com\vladsch\flexmark\flexmark-ext-jekyll-front-matter\0.18.4\flexmark-ext-jekyll-front-matter-0.18.4.jar;C:\Users\rebec\.m2\repository\com\vladsch\flexmark\flexmark-ext-jekyll-tag\0.18.4\flexmark-ext-jekyll-tag-0.18.4.jar;C:\Users\rebec\.m2\repository\com\vladsch\flexmark\flexmark-ext-ins\0.18.4\flexmark-ext-ins-0.18.4.jar;C:\Users\rebec\.m2\repository\com\vladsch\flexmark\flexmark-ext-xwiki-macros\0.18.4\flexmark-ext-xwiki-macros-0.18.4.jar;C:\Users\rebec\.m2\repository\com\vladsch\flexmark\flexmark-ext-spec-example\0.18.4\flexmark-ext-spec-example-0.18.4.jar;C:\Users\rebec\.m2\repository\com\vladsch\flexmark\flexmark-test-util\0.18.4\flexmark-test-util-0.18.4.jar;C:\Users\rebec\.m2\repository\com\vladsch\flexmark\flexmark-ext-superscript\0.18.4\flexmark-ext-superscript-0.18.4.jar;C:\Users\rebec\.m2\repository\com\vladsch\flexmark\flexmark-ext-tables\0.18.4\flexmark-ext-tables-0.18.4.jar;C:\Users\rebec\.m2\repository\com\vladsch\flexmark\flexmark-ext-toc\0.18.4\flexmark-ext-toc-0.18.4.jar;C:\Users\rebec\.m2\repository\com\vladsch\flexmark\flexmark-ext-typographic\0.18.4\flexmark-ext-typographic-0.18.4.jar;C:\Users\rebec\.m2\repository\com\vladsch\flexmark\flexmark-ext-wikilink\0.18.4\flexmark-ext-wikilink-0.18.4.jar;C:\Users\rebec\.m2\repository\com\vladsch\flexmark\flexmark-ext-yaml-front-matter\0.18.4\flexmark-ext-yaml-front-matter-0.18.4.jar;C:\Users\rebec\.m2\repository\com\vladsch\flexmark\flexmark-formatter\0.18.4\flexmark-formatter-0.18.4.jar;C:\Users\rebec\.m2\repository\com\vladsch\flexmark\flexmark-html-parser\0.18.4\flexmark-html-parser-0.18.4.jar;C:\Users\rebec\.m2\repository\com\vladsch\flexmark\flexmark-jira-converter\0.18.4\flexmark-jira-converter-0.18.4.jar;C:\Users\rebec\.m2\repository\com\vladsch\flexmark\flexmark-pdf-converter\0.18.4\flexmark-pdf-converter-0.18.4.jar;C:\Users\rebec\.m2\repository\com\openhtmltopdf\openhtmltopdf-core\0.0.1-RC9\openhtmltopdf-core-0.0.1-RC9.jar;C:\Users\rebec\.m2\repository\com\openhtmltopdf\openhtmltopdf-pdfbox\0.0.1-RC9\openhtmltopdf-pdfbox-0.0.1-RC9.jar;C:\Users\rebec\.m2\repository\org\apache\pdfbox\pdfbox\2.0.4\pdfbox-2.0.4.jar;C:\Users\rebec\.m2\repository\org\apache\pdfbox\fontbox\2.0.4\fontbox-2.0.4.jar;C:\Users\rebec\.m2\repository\com\openhtmltopdf\openhtmltopdf-rtl-support\0.0.1-RC9\openhtmltopdf-rtl-support-0.0.1-RC9.jar;C:\Users\rebec\.m2\repository\com\ibm\icu\icu4j\58.1\icu4j-58.1.jar;C:\Users\rebec\.m2\repository\com\openhtmltopdf\openhtmltopdf-jsoup-dom-converter\0.0.1-RC9\openhtmltopdf-jsoup-dom-converter-0.0.1-RC9.jar;C:\Users\rebec\.m2\repository\com\vladsch\flexmark\flexmark-profile-pegdown\0.18.4\flexmark-profile-pegdown-0.18.4.jar;C:\Users\rebec\.m2\repository\com\vladsch\flexmark\flexmark-util\0.18.4\flexmark-util-0.18.4.jar;C:\Users\rebec\.m2\repository\com\vladsch\flexmark\flexmark-youtrack-converter\0.18.4\flexmark-youtrack-converter-0.18.4.jar;C:\Users\rebec\.m2\repository\javax\servlet\servlet-api\2.5\servlet-api-2.5.jar;C:\Users\rebec\.m2\repository\org\apache\maven\doxia\doxia-decoration-model\1.8.1\doxia-decoration-model-1.8.1.jar;C:\Users\rebec\.m2\repository\org\apache\maven\doxia\doxia-site-renderer\1.8.1\doxia-site-renderer-1.8.1.jar;C:\Users\rebec\.m2\repository\org\apache\maven\doxia\doxia-skin-model\1.8.1\doxia-skin-model-1.8.1.jar;C:\Users\rebec\.m2\repository\org\codehaus\plexus\plexus-velocity\1.2\plexus-velocity-1.2.jar;C:\Users\rebec\.m2\repository\org\apache\velocity\velocity\1.7\velocity-1.7.jar;C:\Users\rebec\.m2\repository\org\apache\velocity\velocity-tools\2.0\velocity-tools-2.0.jar;C:\Users\rebec\.m2\repository\commons-chain\commons-chain\1.1\commons-chain-1.1.jar;C:\Users\rebec\.m2\repository\dom4j\dom4j\1.1\dom4j-1.1.jar;C:\Users\rebec\.m2\repository\oro\oro\2.0.8\oro-2.0.8.jar;C:\Users\rebec\.m2\repository\sslext\sslext\1.2-0\sslext-1.2-0.jar;C:\Users\rebec\.m2\repository\org\apache\struts\struts-core\1.3.8\struts-core-1.3.8.jar;C:\Users\rebec\.m2\repository\antlr\antlr\2.7.2\antlr-2.7.2.jar;C:\Users\rebec\.m2\repository\org\apache\struts\struts-taglib\1.3.8\struts-taglib-1.3.8.jar;C:\Users\rebec\.m2\repository\org\apache\struts\struts-tiles\1.3.8\struts-tiles-1.3.8.jar;C:\Users\rebec\.m2\repository\commons-collections\commons-collections\3.2.1\commons-collections-3.2.1.jar;C:\Users\rebec\.m2\repository\org\apache\maven\doxia\doxia-integration-tools\1.8.1\doxia-integration-tools-1.8.1.jar;C:\Users\rebec\.m2\repository\org\apache\maven\wagon\wagon-provider-api\1.0\wagon-provider-api-1.0.jar;C:\Users\rebec\.m2\repository\org\mortbay\jetty\jetty\6.1.25\jetty-6.1.25.jar;C:\Users\rebec\.m2\repository\org\mortbay\jetty\servlet-api\2.5-20081211\servlet-api-2.5-20081211.jar;C:\Users\rebec\.m2\repository\org\mortbay\jetty\jetty-util\6.1.25\jetty-util-6.1.25.jar;C:\Users\rebec\.m2\repository\org\apache\commons\commons-lang3\3.4\commons-lang3-3.4.jar;C:\Users\rebec\.m2\repository\org\apache\maven\plugins\maven-project-info-reports-plugin\3.0.0\maven-project-info-reports-plugin-3.0.0.jar;C:\Users\rebec\.m2\repository\org\apache\maven\reporting\maven-reporting-api\3.0\maven-reporting-api-3.0.jar;C:\Users\rebec\.m2\repository\org\apache\maven\reporting\maven-reporting-impl\3.0.0\maven-reporting-impl-3.0.0.jar;C:\Users\rebec\.m2\repository\org\apache\maven\maven-repository-metadata\3.0\maven-repository-metadata-3.0.jar;C:\Users\rebec\.m2\repository\org\apache\maven\shared\maven-dependency-tree\2.2\maven-dependency-tree-2.2.jar;C:\Users\rebec\.m2\repository\org\apache\maven\shared\maven-shared-jar\1.2\maven-shared-jar-1.2.jar;C:\Users\rebec\.m2\repository\org\codehaus\plexus\plexus-digest\1.0\plexus-digest-1.0.jar;C:\Users\rebec\.m2\repository\org\apache\bcel\bcel\6.2\bcel-6.2.jar;C:\Users\rebec\.m2\repository\org\apache\maven\shared\maven-common-artifact-filters\3.0.1\maven-common-artifact-filters-3.0.1.jar;C:\Users\rebec\.m2\repository\org\apache\maven\shared\maven-artifact-transfer\0.9.1\maven-artifact-transfer-0.9.1.jar;C:\Users\rebec\.m2\repository\org\slf4j\slf4j-api\1.7.5\slf4j-api-1.7.5.jar;C:\Users\rebec\.m2\repository\org\apache\maven\scm\maven-scm-api\1.10.0\maven-scm-api-1.10.0.jar;C:\Users\rebec\.m2\repository\org\apache\maven\scm\maven-scm-manager-plexus\1.10.0\maven-scm-manager-plexus-1.10.0.jar;C:\Users\rebec\.m2\repository\org\apache\maven\scm\maven-scm-provider-hg\1.10.0\maven-scm-provider-hg-1.10.0.jar;C:\Users\rebec\.m2\repository\org\apache\maven\scm\maven-scm-provider-perforce\1.10.0\maven-scm-provider-perforce-1.10.0.jar;C:\Users\rebec\.m2\repository\org\apache\maven\scm\maven-scm-provider-starteam\1.10.0\maven-scm-provider-starteam-1.10.0.jar;C:\Users\rebec\.m2\repository\org\apache\maven\scm\maven-scm-provider-svn-commons\1.10.0\maven-scm-provider-svn-commons-1.10.0.jar;C:\Users\rebec\.m2\repository\org\apache\maven\scm\maven-scm-provider-svnexe\1.10.0\maven-scm-provider-svnexe-1.10.0.jar;C:\Users\rebec\.m2\repository\commons-lang\commons-lang\2.6\commons-lang-2.6.jar;C:\Users\rebec\.m2\repository\org\apache\maven\scm\maven-scm-provider-cvs-commons\1.10.0\maven-scm-provider-cvs-commons-1.10.0.jar;C:\Users\rebec\.m2\repository\org\apache\maven\scm\maven-scm-provider-cvsexe\1.10.0\maven-scm-provider-cvsexe-1.10.0.jar;C:\Users\rebec\.m2\repository\org\apache\maven\scm\maven-scm-provider-cvsjava\1.10.0\maven-scm-provider-cvsjava-1.10.0.jar;C:\Users\rebec\.m2\repository\org\netbeans\lib\cvsclient\20060125\cvsclient-20060125.jar;C:\Users\rebec\.m2\repository\ch\ethz\ganymed\ganymed-ssh2\build210\ganymed-ssh2-build210.jar;C:\Users\rebec\.m2\repository\org\apache\maven\scm\maven-scm-provider-git-commons\1.10.0\maven-scm-provider-git-commons-1.10.0.jar;C:\Users\rebec\.m2\repository\org\apache\maven\scm\maven-scm-provider-gitexe\1.10.0\maven-scm-provider-gitexe-1.10.0.jar;C:\Users\rebec\.m2\repository\org\apache\maven\doxia\doxia-core\1.8\doxia-core-1.8.jar;C:\Users\rebec\.m2\repository\org\apache\httpcomponents\httpclient\4.0.2\httpclient-4.0.2.jar;C:\Users\rebec\.m2\repository\org\apache\httpcomponents\httpcore\4.0.1\httpcore-4.0.1.jar;C:\Users\rebec\.m2\repository\org\apache\maven\wagon\wagon-http-lightweight\3.1.0\wagon-http-lightweight-3.1.0.jar;C:\Users\rebec\.m2\repository\org\apache\maven\wagon\wagon-http-shared\3.1.0\wagon-http-shared-3.1.0.jar;C:\Users\rebec\.m2\repository\org\jsoup\jsoup\1.11.2\jsoup-1.11.2.jar;C:\Users\rebec\.m2\repository\commons-validator\commons-validator\1.6\commons-validator-1.6.jar;C:\Users\rebec\.m2\repository\commons-beanutils\commons-beanutils\1.9.2\commons-beanutils-1.9.2.jar;C:\Users\rebec\.m2\repository\commons-digester\commons-digester\1.8.1\commons-digester-1.8.1.jar;C:\Users\rebec\.m2\repository\commons-logging\commons-logging\1.2\commons-logging-1.2.jar;C:\Users\rebec\.m2\repository\org\apache\maven\plugins\maven-surefire-plugin\2.22.1\maven-surefire-plugin-2.22.1.jar;C:\Users\rebec\.m2\repository\org\apache\maven\surefire\maven-surefire-common\2.22.1\maven-surefire-common-2.22.1.jar;C:\Users\rebec\.m2\repository\org\apache\maven\plugin-tools\maven-plugin-annotations\3.5.2\maven-plugin-annotations-3.5.2.jar;C:\Users\rebec\.m2\repository\org\apache\maven\surefire\surefire-api\2.22.1\surefire-api-2.22.1.jar;C:\Users\rebec\.m2\repository\org\apache\maven\surefire\surefire-logger-api\2.22.1\surefire-logger-api-2.22.1.jar;C:\Users\rebec\.m2\repository\org\apache\maven\surefire\surefire-booter\2.22.1\surefire-booter-2.22.1.jar;C:\Users\rebec\.m2\repository\org\apache\maven\maven-plugin-descriptor\2.2.1\maven-plugin-descriptor-2.2.1.jar;C:\Users\rebec\.m2\repository\org\apache\maven\maven-toolchain\2.2.1\maven-toolchain-2.2.1.jar;C:\Users\rebec\.m2\repository\org\codehaus\plexus\plexus-java\0.9.10\plexus-java-0.9.10.jar;C:\Users\rebec\.m2\repository\org\ow2\asm\asm\6.2\asm-6.2.jar;C:\Users\rebec\.m2\repository\com\thoughtworks\qdox\qdox\2.0-M8\qdox-2.0-M8.jar;"/>
    <property name="sun.cpu.endian" value="little"/>
    <property name="user.home" value="C:\Users\rebec"/>
    <property name="user.language" value="en"/>
    <property name="java.specification.vendor" value="Oracle Corporation"/>
    <property name="java.version.date" value="2021-09-14"/>
    <property name="java.home" value="C:\Users\rebec\.jdks\openjdk-17"/>
    <property name="file.separator" value="\"/>
    <property name="basedir" value="C:\Users\rebec\Desktop\materiale facultate\an3sem2\vvss\tasksKK"/>
    <property name="java.vm.compressedOopsMode" value="Zero based"/>
    <property name="line.separator" value="&#10;"/>
    <property name="java.vm.specification.vendor" value="Oracle Corporation"/>
    <property name="java.specification.name" value="Java Platform API Specification"/>
    <property name="surefire.real.class.path" value="C:\Users\rebec\AppData\Local\Temp\surefire15342245685763806463\surefirebooter547793597113523621.jar"/>
    <property name="user.script" value=""/>
    <property name="sun.management.compiler" value="HotSpot 64-Bit Tiered Compilers"/>
    <property name="java.runtime.version" value="17+35-2724"/>
    <property name="user.name" value="rebec"/>
    <property name="path.separator" value=";"/>
    <property name="os.version" value="10.0"/>
    <property name="java.runtime.name" value="OpenJDK Runtime Environment"/>
    <property name="file.encoding" value="Cp1252"/>
    <property name="java.vm.name" value="OpenJDK 64-Bit Server VM"/>
    <property name="localRepository" value="C:\Users\rebec\.m2\repository"/>
    <property name="java.vendor.url.bug" value="https://bugreport.java.com/bugreport/"/>
    <property name="java.io.tmpdir" value="C:\Users\rebec\AppData\Local\Temp\"/>
    <property name="idea.version" value="2021.2.2"/>
    <property name="java.version" value="17"/>
    <property name="user.dir" value="C:\Users\rebec\Desktop\materiale facultate\an3sem2\vvss\tasksKK"/>
    <property name="os.arch" value="amd64"/>
    <property name="java.vm.specification.name" value="Java Virtual Machine Specification"/>
    <property name="sun.os.patch.level" value=""/>
    <property name="native.encoding" value="Cp1252"/>
    <property name="java.library.path" value="C:\Users\rebec\.jdks\openjdk-17\bin;C:\WINDOWS\Sun\Java\bin;C:\WINDOWS\system32;C:\WINDOWS;C:\Program Files\Microsoft MPI\Bin\;C:\Program Files\Common Files\Oracle\Java\javapath;C:\Program Files\AdoptOpenJDK\jdk-11.0.8.10-hotspot\bin;C:\WINDOWS\system32;C:\WINDOWS;C:\WINDOWS\System32\Wbem;C:\WINDOWS\System32\WindowsPowerShell\v1.0\;C:\WINDOWS\System32\OpenSSH\;C:\Program Files\Microsoft SQL Server\Client SDK\ODBC\170\Tools\Binn\;C:\Program Files (x86)\Microsoft SQL Server\150\Tools\Binn\;C:\Program Files\Microsoft SQL Server\150\Tools\Binn\;C:\Program Files\Microsoft SQL Server\150\DTS\Binn\;C:\Program Files (x86)\Microsoft SQL Server\150\DTS\Binn\;C:\Program Files\Azure Data Studio\bin;C:\Program Files\Git\cmd;C:\Program Files\dotnet\;C:\Program Files\nodejs\;C:\ProgramData\chocolatey\bin;C:\TDM-GCC-64\bin;C:\Program Files\Microsoft SQL Server\130\Tools\Binn\;C:\Program Files (x86)\Microsoft SQL Server\110\DTS\Binn\;C:\Program Files (x86)\Microsoft SQL Server\120\DTS\Binn\;C:\Program Files (x86)\Microsoft SQL Server\130\DTS\Binn\;C:\Program Files (x86)\Microsoft SQL Server\140\DTS\Binn\;C:\Program Files (x86)\Microsoft SQL Server\160\DTS\Binn\;C:\Users\rebec\anaconda3\bin;C:\Users\rebec\Desktop\materiale facultate\apache-maven-3.8.8-bin\apache-maven-3.8.8\bin;C:\Program Files\MySQL\MySQL Shell 8.0\bin\;C:\Users\rebec\AppData\Local\Microsoft\WindowsApps;C:\Program Files\Azure Data Studio\bin;C:\Users\rebec\AppData\Local\Programs\Microsoft VS Code\bin;C:\Users\rebec\.dotnet\tools;C:\Users\rebec\AppData\Roaming\npm;C:\Users\rebec\AppData\Local\JpegminiPro3\;;."/>
    <property name="java.vm.info" value="mixed mode, sharing"/>
    <property name="java.vendor" value="Oracle Corporation"/>
    <property name="java.vm.version" value="17+35-2724"/>
    <property name="sun.io.unicode.encoding" value="UnicodeLittle"/>
    <property name="java.class.version" value="61.0"/>
  </properties>
  <testcase name="testParseFromStringToSeconds" classname="modulesTesting.service.TasksServiceTest" time="0.021"/>
  <testcase name="testgetIntervalInHours" classname="modulesTesting.service.TasksServiceTest" time="0"/>
</testsuite>